<?xml version="1.0" encoding="UTF-8"?>
<!-- Generated by org.testng.reporters.JUnitXMLReporter -->
<testsuite hostname="DESKTOP-HLUUSUB" ignored="0" tests="5" failures="5" timestamp="2020-10-27T15:48:14 MSK" time="0.045" errors="0">
  <testcase name="CorrectSortedPlanesByMaxLoadCapacityTest" time="0.009" classname="AirportTest">
    <failure type="java.lang.AssertionError" message="did not expect to find [true] but found [false]">
      <![CDATA[java.lang.AssertionError: did not expect to find [true] but found [false]
at AirportTest.CorrectSortedPlanesByMaxLoadCapacityTest(AirportTest.java:53)
... Removed 38 stack frames]]>
    </failure>
  </testcase> <!-- CorrectSortedPlanesByMaxLoadCapacityTest -->
  <testcase name="airportHasAtLeastOneTransportMilitaryPlanesTest" time="0.001" classname="AirportTest">
    <failure type="java.lang.ClassCastException" message="java.util.stream.ReferencePipeline$2 cannot be cast to java.util.List">
      <![CDATA[java.lang.ClassCastException: java.util.stream.ReferencePipeline$2 cannot be cast to java.util.List
at Airport.getTransportMilitaryPlanes(Airport.java:43)
at AirportTest.airportHasAtLeastOneTransportMilitaryPlanesTest(AirportTest.java:39)
... Removed 34 stack frames]]>
    </failure>
  </testcase> <!-- airportHasAtLeastOneTransportMilitaryPlanesTest -->
  <testcase name="experimentalPlanesHasClassificationLevelHigherThanUnclassifiedTest" time="0.001" classname="AirportTest">
    <failure type="java.lang.AssertionError" message="did not expect to find [true] but found [false]">
      <![CDATA[java.lang.AssertionError: did not expect to find [true] but found [false]
at AirportTest.experimentalPlanesHasClassificationLevelHigherThanUnclassifiedTest(AirportTest.java:65)
... Removed 38 stack frames]]>
    </failure>
  </testcase> <!-- experimentalPlanesHasClassificationLevelHigherThanUnclassifiedTest -->
  <testcase name="getPassengerPlaneWithMaxCapacityTest" time="0.002" classname="AirportTest">
    <failure type="java.lang.ClassCastException" message="java.util.stream.SliceOps$1 cannot be cast to plane.PassengerPlane">
      <![CDATA[java.lang.ClassCastException: java.util.stream.SliceOps$1 cannot be cast to plane.PassengerPlane
at Airport.getPassengerPlaneWithMaxPassengersCapacity(Airport.java:38)
at AirportTest.getPassengerPlaneWithMaxCapacityTest(AirportTest.java:45)
... Removed 34 stack frames]]>
    </failure>
  </testcase> <!-- getPassengerPlaneWithMaxCapacityTest -->
  <testcase name="hasAtLeastOneBomberInMilitaryPlanesTest" time="0.0" classname="AirportTest">
    <failure type="java.lang.ClassCastException" message="java.util.stream.ReferencePipeline$2 cannot be cast to java.util.List">
      <![CDATA[java.lang.ClassCastException: java.util.stream.ReferencePipeline$2 cannot be cast to java.util.List
at Airport.getTransportMilitaryPlanes(Airport.java:43)
at AirportTest.hasAtLeastOneBomberInMilitaryPlanesTest(AirportTest.java:59)
... Removed 34 stack frames]]>
    </failure>
  </testcase> <!-- hasAtLeastOneBomberInMilitaryPlanesTest -->
</testsuite>
