<?xml version="1.0" encoding="UTF-8"?>
<testng-results skipped="0" failed="0" ignored="0" total="5" passed="5">
  <reporter-output>
  </reporter-output>
  <suite name="AirportTest" duration-ms="53" started-at="2020-10-27T11:47:40 MSK" finished-at="2020-10-27T11:47:40 MSK">
    <groups>
    </groups>
    <test name="Command line test" duration-ms="53" started-at="2020-10-27T11:47:40 MSK" finished-at="2020-10-27T11:47:40 MSK">
      <class name="AirportTest">
        <test-method status="PASS" signature="test3()[pri:0, instance:AirportTest@366e2eef]" name="test3" duration-ms="9" started-at="2020-10-27T11:47:40 MSK" finished-at="2020-10-27T11:47:40 MSK">
          <reporter-output>
          </reporter-output>
        </test-method> <!-- test3 -->
        <test-method status="PASS" signature="testExperimentalPlanesHasClassificationLevelHigherThanUnclassified()[pri:0, instance:AirportTest@366e2eef]" name="testExperimentalPlanesHasClassificationLevelHigherThanUnclassified" duration-ms="3" started-at="2020-10-27T11:47:40 MSK" finished-at="2020-10-27T11:47:40 MSK">
          <reporter-output>
          </reporter-output>
        </test-method> <!-- testExperimentalPlanesHasClassificationLevelHigherThanUnclassified -->
        <test-method status="PASS" signature="testGetPassengerPlaneWithMaxCapacity()[pri:0, instance:AirportTest@366e2eef]" name="testGetPassengerPlaneWithMaxCapacity" duration-ms="1" started-at="2020-10-27T11:47:40 MSK" finished-at="2020-10-27T11:47:40 MSK">
          <reporter-output>
          </reporter-output>
        </test-method> <!-- testGetPassengerPlaneWithMaxCapacity -->
        <test-method status="PASS" signature="testGetTransportMilitaryPlanes()[pri:0, instance:AirportTest@366e2eef]" name="testGetTransportMilitaryPlanes" duration-ms="0" started-at="2020-10-27T11:47:40 MSK" finished-at="2020-10-27T11:47:40 MSK">
          <reporter-output>
          </reporter-output>
        </test-method> <!-- testGetTransportMilitaryPlanes -->
        <test-method status="PASS" signature="testHasAtLeastOneBomberInMilitaryPlanes()[pri:0, instance:AirportTest@366e2eef]" name="testHasAtLeastOneBomberInMilitaryPlanes" duration-ms="0" started-at="2020-10-27T11:47:40 MSK" finished-at="2020-10-27T11:47:40 MSK">
          <reporter-output>
          </reporter-output>
        </test-method> <!-- testHasAtLeastOneBomberInMilitaryPlanes -->
      </class> <!-- AirportTest -->
    </test> <!-- Command line test -->
  </suite> <!-- AirportTest -->
</testng-results>
